<?xml version="1.0" encoding="UTF-8"?>
<!-- Generated by org.testng.reporters.JUnitXMLReporter -->
<testsuite hostname="PC" tests="1" failures="1" timestamp="20 Jul 2015 15:02:07 GMT" time="96.869" errors="0">
  <testcase name="testSuite2" time="35.636" classname="TestS2">
    <failure type="java.lang.AssertionError" message="expected [true] but found [false]">
      <![CDATA[java.lang.AssertionError: expected [true] but found [false]
	at pages.FormationChangesRequestPage.checkFieldsOnCreationDirectoryForm(FormationChangesRequestPage.java:84)
	at TestS2.testSuite2(TestS2.java:32)
... Removed 32 stack frames]]>
    </failure>
  </testcase> <!-- testSuite2 -->
</testsuite>
